<?xml version="1.0" encoding="UTF-8"?>
<testsuite name="TestSuite" time="6.063" tests="4" errors="0" skipped="0" failures="0">
  <properties>
[...]
</properties>
  <testcase name="Test_Testing_Order_flow" classname="American_Golf.Testing_GolfClub_UsingGrid" time="6.063"/>
  <testcase name="Test_Testing_Order_flow" classname="American_Golf.Testing_GolfClub_UsingGrid" time="6.336"/>
  <testcase name="Test_Testing_Order_flow" classname="American_Golf.Testing_GolfClub_UsingGrid" time="0.982"/>
  <testcase name="Test_Testing_Order_flow" classname="American_Golf.Testing_GolfClub_UsingGrid" time="13.543"/>
</testsuite>